{"sessionId":"319226","runId":"run1","hypothesisId":"H1","location":"Version20260319100000.php:42","message":"Migration up started","data":{"step":"before_addSql_alter"},"timestamp":1773917572392}
{"sessionId":"319226","runId":"post-fix","hypothesisId":"H1","location":"Version20260319100000.php:51","message":"ALTER TABLE executed immediately","data":{"step":"after_executeStatement_alter"},"timestamp":1773917572452}
{"sessionId":"319226","runId":"post-fix","hypothesisId":"H1","location":"Version20260319100000.php:87","message":"About to run UPDATE color","data":{"pageName":"home","blockKey":"hero.ribbon","color":"#FFFFFF"},"timestamp":1773917572456}
{"sessionId":"319226","runId":"post-fix","hypothesisId":"H2","location":"Version20260319100000.php:102","message":"UPDATE color executed","data":{"pageName":"home","blockKey":"hero.ribbon"},"timestamp":1773917572467}
{"sessionId":"319226","runId":"post-fix","hypothesisId":"H1","location":"Version20260319100000.php:87","message":"About to run UPDATE color","data":{"pageName":"home","blockKey":"hero.title","color":"#FFFFFF"},"timestamp":1773917572470}
{"sessionId":"319226","runId":"post-fix","hypothesisId":"H2","location":"Version20260319100000.php:102","message":"UPDATE color executed","data":{"pageName":"home","blockKey":"hero.title"},"timestamp":1773917572480}
{"sessionId":"319226","runId":"post-fix","hypothesisId":"H1","location":"Version20260319100000.php:87","message":"About to run UPDATE color","data":{"pageName":"home","blockKey":"hero.subtitle","color":"#FFFFFF"},"timestamp":1773917572483}
{"sessionId":"319226","runId":"post-fix","hypothesisId":"H2","location":"Version20260319100000.php:102","message":"UPDATE color executed","data":{"pageName":"home","blockKey":"hero.subtitle"},"timestamp":1773917572490}
{"sessionId":"319226","runId":"post-fix","hypothesisId":"H1","location":"Version20260319100000.php:87","message":"About to run UPDATE color","data":{"pageName":"home","blockKey":"hero.cta","color":"#FFFFFF"},"timestamp":1773917572493}
{"sessionId":"319226","runId":"post-fix","hypothesisId":"H2","location":"Version20260319100000.php:102","message":"UPDATE color executed","data":{"pageName":"home","blockKey":"hero.cta"},"timestamp":1773917572500}
{"sessionId":"319226","runId":"post-fix","hypothesisId":"H1","location":"Version20260319100000.php:87","message":"About to run UPDATE color","data":{"pageName":"home","blockKey":"about.title","color":"#212529"},"timestamp":1773917572504}
{"sessionId":"319226","runId":"post-fix","hypothesisId":"H2","location":"Version20260319100000.php:102","message":"UPDATE color executed","data":{"pageName":"home","blockKey":"about.title"},"timestamp":1773917572514}
{"sessionId":"319226","runId":"post-fix","hypothesisId":"H1","location":"Version20260319100000.php:87","message":"About to run UPDATE color","data":{"pageName":"home","blockKey":"about.lead","color":"#212529"},"timestamp":1773917572517}
{"sessionId":"319226","runId":"post-fix","hypothesisId":"H2","location":"Version20260319100000.php:102","message":"UPDATE color executed","data":{"pageName":"home","blockKey":"about.lead"},"timestamp":1773917572525}
{"sessionId":"319226","runId":"post-fix","hypothesisId":"H1","location":"Version20260319100000.php:87","message":"About to run UPDATE color","data":{"pageName":"home","blockKey":"about.body","color":"#6C757D"},"timestamp":1773917572528}
{"sessionId":"319226","runId":"post-fix","hypothesisId":"H2","location":"Version20260319100000.php:102","message":"UPDATE color executed","data":{"pageName":"home","blockKey":"about.body"},"timestamp":1773917572536}
{"sessionId":"319226","runId":"post-fix","hypothesisId":"H1","location":"Version20260319100000.php:87","message":"About to run UPDATE color","data":{"pageName":"home","blockKey":"about.cta","color":"#FFFFFF"},"timestamp":1773917572539}
{"sessionId":"319226","runId":"post-fix","hypothesisId":"H2","location":"Version20260319100000.php:102","message":"UPDATE color executed","data":{"pageName":"home","blockKey":"about.cta"},"timestamp":1773917572547}
{"sessionId":"319226","runId":"post-fix","hypothesisId":"H1","location":"Version20260319100000.php:87","message":"About to run UPDATE color","data":{"pageName":"qui_sommes_nous","blockKey":"title","color":"#212529"},"timestamp":1773917572550}
{"sessionId":"319226","runId":"post-fix","hypothesisId":"H2","location":"Version20260319100000.php:102","message":"UPDATE color executed","data":{"pageName":"qui_sommes_nous","blockKey":"title"},"timestamp":1773917572558}
{"sessionId":"319226","runId":"post-fix","hypothesisId":"H1","location":"Version20260319100000.php:87","message":"About to run UPDATE color","data":{"pageName":"qui_sommes_nous","blockKey":"alexis.role","color":"#6C757D"},"timestamp":1773917572562}
{"sessionId":"319226","runId":"post-fix","hypothesisId":"H2","location":"Version20260319100000.php:102","message":"UPDATE color executed","data":{"pageName":"qui_sommes_nous","blockKey":"alexis.role"},"timestamp":1773917572570}
{"sessionId":"319226","runId":"post-fix","hypothesisId":"H1","location":"Version20260319100000.php:87","message":"About to run UPDATE color","data":{"pageName":"qui_sommes_nous","blockKey":"alexis.lead","color":"#212529"},"timestamp":1773917572573}
{"sessionId":"319226","runId":"post-fix","hypothesisId":"H2","location":"Version20260319100000.php:102","message":"UPDATE color executed","data":{"pageName":"qui_sommes_nous","blockKey":"alexis.lead"},"timestamp":1773917572582}
{"sessionId":"319226","runId":"post-fix","hypothesisId":"H1","location":"Version20260319100000.php:87","message":"About to run UPDATE color","data":{"pageName":"qui_sommes_nous","blockKey":"alexis.text1","color":"#212529"},"timestamp":1773917572586}
{"sessionId":"319226","runId":"post-fix","hypothesisId":"H2","location":"Version20260319100000.php:102","message":"UPDATE color executed","data":{"pageName":"qui_sommes_nous","blockKey":"alexis.text1"},"timestamp":1773917572595}
{"sessionId":"319226","runId":"post-fix","hypothesisId":"H1","location":"Version20260319100000.php:87","message":"About to run UPDATE color","data":{"pageName":"qui_sommes_nous","blockKey":"alexis.text2","color":"#212529"},"timestamp":1773917572599}
{"sessionId":"319226","runId":"post-fix","hypothesisId":"H2","location":"Version20260319100000.php:102","message":"UPDATE color executed","data":{"pageName":"qui_sommes_nous","blockKey":"alexis.text2"},"timestamp":1773917572607}
{"sessionId":"319226","runId":"post-fix","hypothesisId":"H1","location":"Version20260319100000.php:87","message":"About to run UPDATE color","data":{"pageName":"qui_sommes_nous","blockKey":"cta.quote","color":"#FFFFFF"},"timestamp":1773917572611}
{"sessionId":"319226","runId":"post-fix","hypothesisId":"H2","location":"Version20260319100000.php:102","message":"UPDATE color executed","data":{"pageName":"qui_sommes_nous","blockKey":"cta.quote"},"timestamp":1773917572620}
{"sessionId":"319226","runId":"post-fix","hypothesisId":"H1","location":"Version20260319100000.php:87","message":"About to run UPDATE color","data":{"pageName":"qui_sommes_nous","blockKey":"card.family.title","color":"#212529"},"timestamp":1773917572623}
{"sessionId":"319226","runId":"post-fix","hypothesisId":"H2","location":"Version20260319100000.php:102","message":"UPDATE color executed","data":{"pageName":"qui_sommes_nous","blockKey":"card.family.title"},"timestamp":1773917572630}
{"sessionId":"319226","runId":"post-fix","hypothesisId":"H1","location":"Version20260319100000.php:87","message":"About to run UPDATE color","data":{"pageName":"qui_sommes_nous","blockKey":"card.family.text","color":"#6C757D"},"timestamp":1773917572634}
{"sessionId":"319226","runId":"post-fix","hypothesisId":"H2","location":"Version20260319100000.php:102","message":"UPDATE color executed","data":{"pageName":"qui_sommes_nous","blockKey":"card.family.text"},"timestamp":1773917572642}
{"sessionId":"319226","runId":"post-fix","hypothesisId":"H1","location":"Version20260319100000.php:87","message":"About to run UPDATE color","data":{"pageName":"qui_sommes_nous","blockKey":"card.expertise.title","color":"#212529"},"timestamp":1773917572646}
{"sessionId":"319226","runId":"post-fix","hypothesisId":"H2","location":"Version20260319100000.php:102","message":"UPDATE color executed","data":{"pageName":"qui_sommes_nous","blockKey":"card.expertise.title"},"timestamp":1773917572654}
{"sessionId":"319226","runId":"post-fix","hypothesisId":"H1","location":"Version20260319100000.php:87","message":"About to run UPDATE color","data":{"pageName":"qui_sommes_nous","blockKey":"card.expertise.text","color":"#6C757D"},"timestamp":1773917572657}
{"sessionId":"319226","runId":"post-fix","hypothesisId":"H2","location":"Version20260319100000.php:102","message":"UPDATE color executed","data":{"pageName":"qui_sommes_nous","blockKey":"card.expertise.text"},"timestamp":1773917572665}
{"sessionId":"319226","runId":"post-fix","hypothesisId":"H1","location":"Version20260319100000.php:87","message":"About to run UPDATE color","data":{"pageName":"qui_sommes_nous","blockKey":"card.location.title","color":"#212529"},"timestamp":1773917572669}
{"sessionId":"319226","runId":"post-fix","hypothesisId":"H2","location":"Version20260319100000.php:102","message":"UPDATE color executed","data":{"pageName":"qui_sommes_nous","blockKey":"card.location.title"},"timestamp":1773917572678}
{"sessionId":"319226","runId":"post-fix","hypothesisId":"H1","location":"Version20260319100000.php:87","message":"About to run UPDATE color","data":{"pageName":"qui_sommes_nous","blockKey":"card.location.text","color":"#6C757D"},"timestamp":1773917572682}
{"sessionId":"319226","runId":"post-fix","hypothesisId":"H2","location":"Version20260319100000.php:102","message":"UPDATE color executed","data":{"pageName":"qui_sommes_nous","blockKey":"card.location.text"},"timestamp":1773917572695}
